<?xml version="1.0" encoding="UTF-8"?>
<testng-results ignored="1" total="2" passed="1" failed="0" skipped="0">
  <reporter-output>
  </reporter-output>
  <suite started-at="2021-08-11T15:44:20 IST" name="Default suite" finished-at="2021-08-11T15:44:26 IST" duration-ms="5409">
    <groups>
    </groups>
    <test started-at="2021-08-11T15:44:20 IST" name="Default test" finished-at="2021-08-11T15:44:26 IST" duration-ms="5409">
      <class name="soapUI.SoapXML">
        <test-method signature="validateSoapXml()[pri:0, instance:soapUI.SoapXML@22ef9844]" started-at="2021-08-11T15:44:20 IST" name="validateSoapXml" finished-at="2021-08-11T15:44:26 IST" duration-ms="5340" status="PASS">
          <reporter-output>
          </reporter-output>
        </test-method> <!-- validateSoapXml -->
      </class> <!-- soapUI.SoapXML -->
    </test> <!-- Default test -->
  </suite> <!-- Default suite -->
</testng-results>
