<?xml version="1.0" encoding="UTF-8"?>
<!-- Generated by org.testng.reporters.JUnitReportReporter -->
<testsuite hostname="DESKTOP-0U2TKPC" failures="1" tests="1" name="runner_class.TestRunner" time="9.122" errors="0" timestamp="2021-08-21T11:18:20 IST" skipped="0">
  <testcase classname="runner_class.TestRunner" name="runScenario" time="9.122">
    <failure message="Log in fail expected object to not be null" type="java.lang.AssertionError">
      <![CDATA[java.lang.AssertionError: Log in fail expected object to not be null
at org.testng.Assert.fail(Assert.java:99)
at org.testng.Assert.assertNotNull(Assert.java:942)
at StepDefinations.login.check_login(login.java:57)
at ✽.i login to the application(file:///C:/Users/Lenovo/eclipse-workspace/Cucmber_BDD/src/test/java/feacture_file/login1.feature:8)
]]>
    </failure>
  </testcase> <!-- runScenario -->
  <system-out/>
</testsuite> <!-- runner_class.TestRunner -->
