<?xml version="1.0" encoding="UTF-8"?>
<testng-results ignored="0" total="1" passed="1" failed="0" skipped="0">
  <reporter-output>
  </reporter-output>
  <suite started-at="2021-08-06T15:24:52 IST" name="Default suite" finished-at="2021-08-06T15:24:53 IST" duration-ms="1194">
    <groups>
    </groups>
    <test started-at="2021-08-06T15:24:52 IST" name="Default test" finished-at="2021-08-06T15:24:53 IST" duration-ms="1194">
      <class name="practive.XML">
        <test-method signature="test()[pri:0, instance:practive.XML@3fb1549b]" started-at="2021-08-06T15:24:52 IST" name="test" finished-at="2021-08-06T15:24:53 IST" duration-ms="1124" status="PASS">
          <reporter-output>
          </reporter-output>
        </test-method> <!-- test -->
      </class> <!-- practive.XML -->
    </test> <!-- Default test -->
  </suite> <!-- Default suite -->
</testng-results>
