<?xml version="1.0" encoding="UTF-8"?>
<testng-results ignored="3" total="4" passed="1" failed="0" skipped="0">
  <reporter-output>
  </reporter-output>
  <suite started-at="2021-08-12T15:38:16 IST" name="Default suite" finished-at="2021-08-12T15:38:19 IST" duration-ms="2734">
    <groups>
    </groups>
    <test started-at="2021-08-12T15:38:16 IST" name="Default test" finished-at="2021-08-12T15:38:19 IST" duration-ms="2734">
      <class name="Demo.demoGet">
        <test-method signature="testParamAndHeaders()[pri:0, instance:Demo.demoGet@346d61be]" started-at="2021-08-12T15:38:16 IST" name="testParamAndHeaders" finished-at="2021-08-12T15:38:19 IST" duration-ms="2673" status="PASS">
          <reporter-output>
          </reporter-output>
        </test-method> <!-- testParamAndHeaders -->
      </class> <!-- Demo.demoGet -->
    </test> <!-- Default test -->
  </suite> <!-- Default suite -->
</testng-results>
