<?xml version="1.0" encoding="UTF-8"?>
<!-- Generated by org.testng.reporters.JUnitXMLReporter -->
<testsuite ignored="0" hostname="DESKTOP-0U2TKPC" failures="1" tests="1" name="Test" time="10.072" errors="0" timestamp="2021-08-21T11:18:19 IST">
  <testcase classname="io.cucumber.testng.AbstractTestNGCucumberTests" name="runScenario" time="9.122">
    <failure type="java.lang.AssertionError" message="Log in fail expected object to not be null">
      <![CDATA[java.lang.AssertionError: Log in fail expected object to not be null
at StepDefinations.login.check_login(login.java:57)
at ✽.i login to the application(file:///C:/Users/Lenovo/eclipse-workspace/Cucmber_BDD/src/test/java/feacture_file/login1.feature:8)
... Removed 2 stack frames]]>
    </failure>
  </testcase> <!-- runScenario -->
</testsuite> <!-- Test -->
