<?xml version="1.0" encoding="UTF-8"?>
<!-- Generated by org.testng.reporters.JUnitXMLReporter -->
<testsuite ignored="3" hostname="DESKTOP-0U2TKPC" failures="0" tests="1" name="Default test" time="2.734" errors="0" timestamp="2021-08-12T15:38:19 IST">
  <testcase classname="Demo.demoGet" name="testParamAndHeaders" time="2.673"/>
  <testcase classname="Demo.demoGet" name="logresponce" time="0.0">
    <ignored/>
  </testcase> <!-- logresponce -->
  <testcase classname="Demo.demoGet" name="testStatus" time="0.0">
    <ignored/>
  </testcase> <!-- testStatus -->
  <testcase classname="Demo.demoGet" name="Mullogresponce" time="0.0">
    <ignored/>
  </testcase> <!-- Mullogresponce -->
</testsuite> <!-- Default test -->
